Traceback (most recent call last):
  File "/Users/aaron/miniforge3/envs/eeg/lib/python3.9/site-packages/jupyter_cache/executors/utils.py", line 51, in single_nb_execution
    executenb(
  File "/Users/aaron/miniforge3/envs/eeg/lib/python3.9/site-packages/nbclient/client.py", line 1112, in execute
    return NotebookClient(nb=nb, resources=resources, km=km, **kwargs).execute()
  File "/Users/aaron/miniforge3/envs/eeg/lib/python3.9/site-packages/nbclient/util.py", line 74, in wrapped
    return just_run(coro(*args, **kwargs))
  File "/Users/aaron/miniforge3/envs/eeg/lib/python3.9/site-packages/nbclient/util.py", line 53, in just_run
    return loop.run_until_complete(coro)
  File "/Users/aaron/miniforge3/envs/eeg/lib/python3.9/asyncio/base_events.py", line 642, in run_until_complete
    return future.result()
  File "/Users/aaron/miniforge3/envs/eeg/lib/python3.9/site-packages/nbclient/client.py", line 553, in async_execute
    await self.async_execute_cell(
  File "/Users/aaron/miniforge3/envs/eeg/lib/python3.9/site-packages/nbclient/client.py", line 857, in async_execute_cell
    self._check_raise_for_error(cell, exec_reply)
  File "/Users/aaron/miniforge3/envs/eeg/lib/python3.9/site-packages/nbclient/client.py", line 760, in _check_raise_for_error
    raise CellExecutionError.from_cell_and_msg(cell, exec_reply_content)
nbclient.exceptions.CellExecutionError: An error occurred while executing the following cell:
------------------
psth_dict = {}

for ortn in orientations:
    for sort in sort_codes:
        label = str(ortn) + '_' + str(sort)
        psth_dict[label] = np.histogram(df[(df['orientation']==ortn) & 
                                           (df['sort']==sort)]['time'],
                                        bins=time_base
                                       )
------------------

[0;31m---------------------------------------------------------------------------[0m
[0;31mNameError[0m                                 Traceback (most recent call last)
[0;32m/var/folders/x0/pvpjfdzd39sc5rqvsk5lvv4m0000gn/T/ipykernel_59258/880101533.py[0m in [0;36m<module>[0;34m[0m
[1;32m      1[0m [0mpsth_dict[0m [0;34m=[0m [0;34m{[0m[0;34m}[0m[0;34m[0m[0;34m[0m[0m
[1;32m      2[0m [0;34m[0m[0m
[0;32m----> 3[0;31m [0;32mfor[0m [0mortn[0m [0;32min[0m [0morientations[0m[0;34m:[0m[0;34m[0m[0;34m[0m[0m
[0m[1;32m      4[0m     [0;32mfor[0m [0msort[0m [0;32min[0m [0msort_codes[0m[0;34m:[0m[0;34m[0m[0;34m[0m[0m
[1;32m      5[0m         [0mlabel[0m [0;34m=[0m [0mstr[0m[0;34m([0m[0mortn[0m[0;34m)[0m [0;34m+[0m [0;34m'_'[0m [0;34m+[0m [0mstr[0m[0;34m([0m[0msort[0m[0;34m)[0m[0;34m[0m[0;34m[0m[0m

[0;31mNameError[0m: name 'orientations' is not defined
NameError: name 'orientations' is not defined

